<?xml version="1.0" encoding="UTF-8"?>
<coverage generated="1693663718613" clover="3.2.0">
  <project timestamp="1693663718613" name="All files">
    <metrics statements="6" coveredstatements="6" conditionals="4" coveredconditionals="4" methods="2" coveredmethods="2" elements="12" coveredelements="12" complexity="0" loc="6" ncloc="6" packages="1" files="1" classes="1"/>
    <file name="app.js" path="/Users/alla.kalyakina/Desktop/netology/ajs-homeworks/regex/nikname/src/js/app.js">
      <metrics statements="6" coveredstatements="6" conditionals="4" coveredconditionals="4" methods="2" coveredmethods="2"/>
      <line num="3" count="8" type="stmt"/>
      <line num="7" count="8" type="stmt"/>
      <line num="8" count="8" type="stmt"/>
      <line num="9" count="8" type="stmt"/>
      <line num="10" count="8" type="stmt"/>
      <line num="12" count="8" type="cond" truecount="4" falsecount="0"/>
    </file>
  </project>
</coverage>
