{"/Users/alla.kalyakina/Desktop/netology/ajs-homeworks/regex/nikname/src/js/app.js": {"path":"/Users/alla.kalyakina/Desktop/netology/ajs-homeworks/regex/nikname/src/js/app.js","statementMap":{"0":{"start":{"line":3,"column":4},"end":{"line":3,"column":21}},"1":{"start":{"line":7,"column":17},"end":{"line":7,"column":43}},"2":{"start":{"line":8,"column":18},"end":{"line":8,"column":44}},"3":{"start":{"line":9,"column":18},"end":{"line":9,"column":48}},"4":{"start":{"line":10,"column":18},"end":{"line":10,"column":42}},"5":{"start":{"line":12,"column":4},"end":{"line":12,"column":44}}},"fnMap":{"0":{"name":"(anonymous_0)","decl":{"start":{"line":2,"column":2},"end":{"line":2,"column":3}},"loc":{"start":{"line":2,"column":20},"end":{"line":4,"column":3}},"line":2},"1":{"name":"(anonymous_1)","decl":{"start":{"line":6,"column":2},"end":{"line":6,"column":3}},"loc":{"start":{"line":6,"column":21},"end":{"line":13,"column":3}},"line":6}},"branchMap":{"0":{"loc":{"start":{"line":12,"column":11},"end":{"line":12,"column":43}},"type":"binary-expr","locations":[{"start":{"line":12,"column":11},"end":{"line":12,"column":15}},{"start":{"line":12,"column":19},"end":{"line":12,"column":24}},{"start":{"line":12,"column":28},"end":{"line":12,"column":33}},{"start":{"line":12,"column":37},"end":{"line":12,"column":43}}],"line":12}},"s":{"0":8,"1":8,"2":8,"3":8,"4":8,"5":8},"f":{"0":8,"1":8},"b":{"0":[8,6,3,3]},"_coverageSchema":"1a1c01bbd47fc00a2c39e90264f33305004495a9","hash":"87884b0c65fc47c5de8b3d21abb1dfcb0a12a8b6"}
}
